2020-05-30 05:34:40 startup archives unpack
2020-05-30 05:34:40 install sensible-utils:all <none> 0.0.12
2020-05-30 05:34:40 status half-installed sensible-utils:all 0.0.12
2020-05-30 05:34:40 status unpacked sensible-utils:all 0.0.12
2020-05-30 05:34:40 install bzip2:amd64 <none> 1.0.6-9.2~deb10u1
2020-05-30 05:34:40 status half-installed bzip2:amd64 1.0.6-9.2~deb10u1
2020-05-30 05:34:40 status unpacked bzip2:amd64 1.0.6-9.2~deb10u1
2020-05-30 05:34:40 install libmagic-mgc:amd64 <none> 1:5.35-4+deb10u1
2020-05-30 05:34:40 status half-installed libmagic-mgc:amd64 1:5.35-4+deb10u1
2020-05-30 05:34:40 status unpacked libmagic-mgc:amd64 1:5.35-4+deb10u1
2020-05-30 05:34:40 install libmagic1:amd64 <none> 1:5.35-4+deb10u1
2020-05-30 05:34:40 status triggers-pending libc-bin:amd64 2.28-10
2020-05-30 05:34:40 status half-installed libmagic1:amd64 1:5.35-4+deb10u1
2020-05-30 05:34:41 status unpacked libmagic1:amd64 1:5.35-4+deb10u1
2020-05-30 05:34:41 install file:amd64 <none> 1:5.35-4+deb10u1
2020-05-30 05:34:41 status half-installed file:amd64 1:5.35-4+deb10u1
2020-05-30 05:34:41 status unpacked file:amd64 1:5.35-4+deb10u1
2020-05-30 05:34:41 install mime-support:all <none> 3.62
2020-05-30 05:34:41 status half-installed mime-support:all 3.62
2020-05-30 05:34:41 status unpacked mime-support:all 3.62
2020-05-30 05:34:41 install ucf:all <none> 3.0038+nmu1
2020-05-30 05:34:41 status half-installed ucf:all 3.0038+nmu1
2020-05-30 05:34:41 status unpacked ucf:all 3.0038+nmu1
2020-05-30 05:34:41 install xz-utils:amd64 <none> 5.2.4-1
2020-05-30 05:34:41 status half-installed xz-utils:amd64 5.2.4-1
2020-05-30 05:34:41 status unpacked xz-utils:amd64 5.2.4-1
2020-05-30 05:34:41 install fonts-dejavu-core:all <none> 2.37-1
2020-05-30 05:34:41 status half-installed fonts-dejavu-core:all 2.37-1
2020-05-30 05:34:41 status unpacked fonts-dejavu-core:all 2.37-1
2020-05-30 05:34:41 install fontconfig-config:all <none> 2.13.1-2
2020-05-30 05:34:41 status half-installed fontconfig-config:all 2.13.1-2
2020-05-30 05:34:41 status unpacked fontconfig-config:all 2.13.1-2
2020-05-30 05:34:41 install geoip-database:all <none> 20181108-1
2020-05-30 05:34:41 status half-installed geoip-database:all 20181108-1
2020-05-30 05:34:42 status unpacked geoip-database:all 20181108-1
2020-05-30 05:34:42 install libapparmor1:amd64 <none> 2.13.2-10
2020-05-30 05:34:42 status half-installed libapparmor1:amd64 2.13.2-10
2020-05-30 05:34:42 status unpacked libapparmor1:amd64 2.13.2-10
2020-05-30 05:34:42 install libargon2-1:amd64 <none> 0~20171227-0.2
2020-05-30 05:34:42 status half-installed libargon2-1:amd64 0~20171227-0.2
2020-05-30 05:34:42 status unpacked libargon2-1:amd64 0~20171227-0.2
2020-05-30 05:34:42 install libbsd0:amd64 <none> 0.9.1-2
2020-05-30 05:34:42 status half-installed libbsd0:amd64 0.9.1-2
2020-05-30 05:34:42 status unpacked libbsd0:amd64 0.9.1-2
2020-05-30 05:34:42 install libedit2:amd64 <none> 3.1-20181209-1
2020-05-30 05:34:42 status half-installed libedit2:amd64 3.1-20181209-1
2020-05-30 05:34:42 status unpacked libedit2:amd64 3.1-20181209-1
2020-05-30 05:34:42 install libexpat1:amd64 <none> 2.2.6-2+deb10u1
2020-05-30 05:34:42 status half-installed libexpat1:amd64 2.2.6-2+deb10u1
2020-05-30 05:34:42 status unpacked libexpat1:amd64 2.2.6-2+deb10u1
2020-05-30 05:34:42 install libpng16-16:amd64 <none> 1.6.36-6
2020-05-30 05:34:42 status half-installed libpng16-16:amd64 1.6.36-6
2020-05-30 05:34:42 status unpacked libpng16-16:amd64 1.6.36-6
2020-05-30 05:34:42 install libfreetype6:amd64 <none> 2.9.1-3+deb10u1
2020-05-30 05:34:42 status half-installed libfreetype6:amd64 2.9.1-3+deb10u1
2020-05-30 05:34:42 status unpacked libfreetype6:amd64 2.9.1-3+deb10u1
2020-05-30 05:34:42 install libfontconfig1:amd64 <none> 2.13.1-2
2020-05-30 05:34:42 status half-installed libfontconfig1:amd64 2.13.1-2
2020-05-30 05:34:42 status unpacked libfontconfig1:amd64 2.13.1-2
2020-05-30 05:34:42 install libjpeg62-turbo:amd64 <none> 1:1.5.2-2+b1
2020-05-30 05:34:42 status half-installed libjpeg62-turbo:amd64 1:1.5.2-2+b1
2020-05-30 05:34:42 status unpacked libjpeg62-turbo:amd64 1:1.5.2-2+b1
2020-05-30 05:34:42 install libjbig0:amd64 <none> 2.1-3.1+b2
2020-05-30 05:34:42 status half-installed libjbig0:amd64 2.1-3.1+b2
2020-05-30 05:34:42 status unpacked libjbig0:amd64 2.1-3.1+b2
2020-05-30 05:34:42 install libwebp6:amd64 <none> 0.6.1-2
2020-05-30 05:34:42 status half-installed libwebp6:amd64 0.6.1-2
2020-05-30 05:34:42 status unpacked libwebp6:amd64 0.6.1-2
2020-05-30 05:34:42 install libtiff5:amd64 <none> 4.1.0+git191117-2~deb10u1
2020-05-30 05:34:42 status half-installed libtiff5:amd64 4.1.0+git191117-2~deb10u1
2020-05-30 05:34:43 status unpacked libtiff5:amd64 4.1.0+git191117-2~deb10u1
2020-05-30 05:34:43 install libxau6:amd64 <none> 1:1.0.8-1+b2
2020-05-30 05:34:43 status half-installed libxau6:amd64 1:1.0.8-1+b2
2020-05-30 05:34:43 status unpacked libxau6:amd64 1:1.0.8-1+b2
2020-05-30 05:34:43 install libxdmcp6:amd64 <none> 1:1.1.2-3
2020-05-30 05:34:43 status half-installed libxdmcp6:amd64 1:1.1.2-3
2020-05-30 05:34:43 status unpacked libxdmcp6:amd64 1:1.1.2-3
2020-05-30 05:34:43 install libxcb1:amd64 <none> 1.13.1-2
2020-05-30 05:34:43 status half-installed libxcb1:amd64 1.13.1-2
2020-05-30 05:34:43 status unpacked libxcb1:amd64 1.13.1-2
2020-05-30 05:34:43 install libx11-data:all <none> 2:1.6.7-1
2020-05-30 05:34:43 status half-installed libx11-data:all 2:1.6.7-1
2020-05-30 05:34:43 status unpacked libx11-data:all 2:1.6.7-1
2020-05-30 05:34:43 install libx11-6:amd64 <none> 2:1.6.7-1
2020-05-30 05:34:43 status half-installed libx11-6:amd64 2:1.6.7-1
2020-05-30 05:34:43 status unpacked libx11-6:amd64 2:1.6.7-1
2020-05-30 05:34:43 install libxpm4:amd64 <none> 1:3.5.12-1
2020-05-30 05:34:43 status half-installed libxpm4:amd64 1:3.5.12-1
2020-05-30 05:34:43 status unpacked libxpm4:amd64 1:3.5.12-1
2020-05-30 05:34:43 install libgd3:amd64 <none> 2.2.5-5.2
2020-05-30 05:34:43 status half-installed libgd3:amd64 2.2.5-5.2
2020-05-30 05:34:43 status unpacked libgd3:amd64 2.2.5-5.2
2020-05-30 05:34:43 install libgeoip1:amd64 <none> 1.6.12-1
2020-05-30 05:34:43 status half-installed libgeoip1:amd64 1.6.12-1
2020-05-30 05:34:43 status unpacked libgeoip1:amd64 1.6.12-1
2020-05-30 05:34:43 install libgpm2:amd64 <none> 1.20.7-5
2020-05-30 05:34:43 status half-installed libgpm2:amd64 1.20.7-5
2020-05-30 05:34:43 status unpacked libgpm2:amd64 1.20.7-5
2020-05-30 05:34:43 install libicu63:amd64 <none> 63.1-6+deb10u1
2020-05-30 05:34:43 status half-installed libicu63:amd64 63.1-6+deb10u1
2020-05-30 05:34:44 status unpacked libicu63:amd64 63.1-6+deb10u1
2020-05-30 05:34:44 install libncurses6:amd64 <none> 6.1+20181013-2+deb10u2
2020-05-30 05:34:44 status half-installed libncurses6:amd64 6.1+20181013-2+deb10u2
2020-05-30 05:34:44 status unpacked libncurses6:amd64 6.1+20181013-2+deb10u2
2020-05-30 05:34:44 install lsb-base:all <none> 10.2019051400
2020-05-30 05:34:44 status half-installed lsb-base:all 10.2019051400
2020-05-30 05:34:44 status unpacked lsb-base:all 10.2019051400
2020-05-30 05:34:44 install nginx-common:all <none> 1.14.2-2+deb10u1
2020-05-30 05:34:44 status half-installed nginx-common:all 1.14.2-2+deb10u1
2020-05-30 05:34:44 status unpacked nginx-common:all 1.14.2-2+deb10u1
2020-05-30 05:34:44 install libnginx-mod-http-auth-pam:amd64 <none> 1.14.2-2+deb10u1
2020-05-30 05:34:44 status half-installed libnginx-mod-http-auth-pam:amd64 1.14.2-2+deb10u1
2020-05-30 05:34:44 status unpacked libnginx-mod-http-auth-pam:amd64 1.14.2-2+deb10u1
2020-05-30 05:34:44 install libxml2:amd64 <none> 2.9.4+dfsg1-7+b3
2020-05-30 05:34:44 status half-installed libxml2:amd64 2.9.4+dfsg1-7+b3
2020-05-30 05:34:44 status unpacked libxml2:amd64 2.9.4+dfsg1-7+b3
2020-05-30 05:34:45 install libxslt1.1:amd64 <none> 1.1.32-2.2~deb10u1
2020-05-30 05:34:45 status half-installed libxslt1.1:amd64 1.1.32-2.2~deb10u1
2020-05-30 05:34:45 status unpacked libxslt1.1:amd64 1.1.32-2.2~deb10u1
2020-05-30 05:34:45 install libnginx-mod-http-dav-ext:amd64 <none> 1.14.2-2+deb10u1
2020-05-30 05:34:45 status half-installed libnginx-mod-http-dav-ext:amd64 1.14.2-2+deb10u1
2020-05-30 05:34:45 status unpacked libnginx-mod-http-dav-ext:amd64 1.14.2-2+deb10u1
2020-05-30 05:34:45 install libnginx-mod-http-echo:amd64 <none> 1.14.2-2+deb10u1
2020-05-30 05:34:45 status half-installed libnginx-mod-http-echo:amd64 1.14.2-2+deb10u1
2020-05-30 05:34:45 status unpacked libnginx-mod-http-echo:amd64 1.14.2-2+deb10u1
2020-05-30 05:34:45 install libnginx-mod-http-geoip:amd64 <none> 1.14.2-2+deb10u1
2020-05-30 05:34:45 status half-installed libnginx-mod-http-geoip:amd64 1.14.2-2+deb10u1
2020-05-30 05:34:45 status unpacked libnginx-mod-http-geoip:amd64 1.14.2-2+deb10u1
2020-05-30 05:34:45 install libnginx-mod-http-image-filter:amd64 <none> 1.14.2-2+deb10u1
2020-05-30 05:34:45 status half-installed libnginx-mod-http-image-filter:amd64 1.14.2-2+deb10u1
2020-05-30 05:34:45 status unpacked libnginx-mod-http-image-filter:amd64 1.14.2-2+deb10u1
2020-05-30 05:34:45 install libnginx-mod-http-subs-filter:amd64 <none> 1.14.2-2+deb10u1
2020-05-30 05:34:45 status half-installed libnginx-mod-http-subs-filter:amd64 1.14.2-2+deb10u1
2020-05-30 05:34:45 status unpacked libnginx-mod-http-subs-filter:amd64 1.14.2-2+deb10u1
2020-05-30 05:34:45 install libnginx-mod-http-upstream-fair:amd64 <none> 1.14.2-2+deb10u1
2020-05-30 05:34:45 status half-installed libnginx-mod-http-upstream-fair:amd64 1.14.2-2+deb10u1
2020-05-30 05:34:45 status unpacked libnginx-mod-http-upstream-fair:amd64 1.14.2-2+deb10u1
2020-05-30 05:34:45 install libnginx-mod-http-xslt-filter:amd64 <none> 1.14.2-2+deb10u1
2020-05-30 05:34:45 status half-installed libnginx-mod-http-xslt-filter:amd64 1.14.2-2+deb10u1
2020-05-30 05:34:45 status unpacked libnginx-mod-http-xslt-filter:amd64 1.14.2-2+deb10u1
2020-05-30 05:34:45 install libnginx-mod-mail:amd64 <none> 1.14.2-2+deb10u1
2020-05-30 05:34:45 status half-installed libnginx-mod-mail:amd64 1.14.2-2+deb10u1
2020-05-30 05:34:45 status unpacked libnginx-mod-mail:amd64 1.14.2-2+deb10u1
2020-05-30 05:34:45 install libnginx-mod-stream:amd64 <none> 1.14.2-2+deb10u1
2020-05-30 05:34:45 status half-installed libnginx-mod-stream:amd64 1.14.2-2+deb10u1
2020-05-30 05:34:45 status unpacked libnginx-mod-stream:amd64 1.14.2-2+deb10u1
2020-05-30 05:34:45 install libpcre2-8-0:amd64 <none> 10.32-5
2020-05-30 05:34:45 status half-installed libpcre2-8-0:amd64 10.32-5
2020-05-30 05:34:45 status unpacked libpcre2-8-0:amd64 10.32-5
2020-05-30 05:34:45 install libsodium23:amd64 <none> 1.0.17-1
2020-05-30 05:34:45 status half-installed libsodium23:amd64 1.0.17-1
2020-05-30 05:34:45 status unpacked libsodium23:amd64 1.0.17-1
2020-05-30 05:34:46 install libssl1.1:amd64 <none> 1.1.1d-0+deb10u3
2020-05-30 05:34:46 status half-installed libssl1.1:amd64 1.1.1d-0+deb10u3
2020-05-30 05:34:46 status unpacked libssl1.1:amd64 1.1.1d-0+deb10u3
2020-05-30 05:34:46 install nginx-full:amd64 <none> 1.14.2-2+deb10u1
2020-05-30 05:34:46 status half-installed nginx-full:amd64 1.14.2-2+deb10u1
2020-05-30 05:34:46 status unpacked nginx-full:amd64 1.14.2-2+deb10u1
2020-05-30 05:34:46 install nginx:all <none> 1.14.2-2+deb10u1
2020-05-30 05:34:46 status half-installed nginx:all 1.14.2-2+deb10u1
2020-05-30 05:34:46 status unpacked nginx:all 1.14.2-2+deb10u1
2020-05-30 05:34:46 install psmisc:amd64 <none> 23.2-1
2020-05-30 05:34:46 status half-installed psmisc:amd64 23.2-1
2020-05-30 05:34:46 status unpacked psmisc:amd64 23.2-1
2020-05-30 05:34:46 install php-common:all <none> 2:69
2020-05-30 05:34:46 status half-installed php-common:all 2:69
2020-05-30 05:34:46 status unpacked php-common:all 2:69
2020-05-30 05:34:46 install php7.3-common:amd64 <none> 7.3.14-1~deb10u1
2020-05-30 05:34:46 status half-installed php7.3-common:amd64 7.3.14-1~deb10u1
2020-05-30 05:34:46 status unpacked php7.3-common:amd64 7.3.14-1~deb10u1
2020-05-30 05:34:46 install php7.3-json:amd64 <none> 7.3.14-1~deb10u1
2020-05-30 05:34:46 status half-installed php7.3-json:amd64 7.3.14-1~deb10u1
2020-05-30 05:34:46 status unpacked php7.3-json:amd64 7.3.14-1~deb10u1
2020-05-30 05:34:46 install php7.3-opcache:amd64 <none> 7.3.14-1~deb10u1
2020-05-30 05:34:46 status half-installed php7.3-opcache:amd64 7.3.14-1~deb10u1
2020-05-30 05:34:46 status unpacked php7.3-opcache:amd64 7.3.14-1~deb10u1
2020-05-30 05:34:46 install php7.3-readline:amd64 <none> 7.3.14-1~deb10u1
2020-05-30 05:34:46 status half-installed php7.3-readline:amd64 7.3.14-1~deb10u1
2020-05-30 05:34:46 status unpacked php7.3-readline:amd64 7.3.14-1~deb10u1
2020-05-30 05:34:46 install php7.3-cli:amd64 <none> 7.3.14-1~deb10u1
2020-05-30 05:34:46 status half-installed php7.3-cli:amd64 7.3.14-1~deb10u1
2020-05-30 05:34:47 status unpacked php7.3-cli:amd64 7.3.14-1~deb10u1
2020-05-30 05:34:47 install php7.3-fpm:amd64 <none> 7.3.14-1~deb10u1
2020-05-30 05:34:47 status half-installed php7.3-fpm:amd64 7.3.14-1~deb10u1
2020-05-30 05:34:47 status unpacked php7.3-fpm:amd64 7.3.14-1~deb10u1
2020-05-30 05:34:47 startup packages configure
2020-05-30 05:34:47 configure libexpat1:amd64 2.2.6-2+deb10u1 <none>
2020-05-30 05:34:47 status unpacked libexpat1:amd64 2.2.6-2+deb10u1
2020-05-30 05:34:47 status half-configured libexpat1:amd64 2.2.6-2+deb10u1
2020-05-30 05:34:47 status installed libexpat1:amd64 2.2.6-2+deb10u1
2020-05-30 05:34:47 configure lsb-base:all 10.2019051400 <none>
2020-05-30 05:34:47 status unpacked lsb-base:all 10.2019051400
2020-05-30 05:34:47 status half-configured lsb-base:all 10.2019051400
2020-05-30 05:34:47 status installed lsb-base:all 10.2019051400
2020-05-30 05:34:47 configure libxau6:amd64 1:1.0.8-1+b2 <none>
2020-05-30 05:34:47 status unpacked libxau6:amd64 1:1.0.8-1+b2
2020-05-30 05:34:47 status half-configured libxau6:amd64 1:1.0.8-1+b2
2020-05-30 05:34:47 status installed libxau6:amd64 1:1.0.8-1+b2
2020-05-30 05:34:47 configure libapparmor1:amd64 2.13.2-10 <none>
2020-05-30 05:34:47 status unpacked libapparmor1:amd64 2.13.2-10
2020-05-30 05:34:47 status half-configured libapparmor1:amd64 2.13.2-10
2020-05-30 05:34:47 status installed libapparmor1:amd64 2.13.2-10
2020-05-30 05:34:47 configure libsodium23:amd64 1.0.17-1 <none>
2020-05-30 05:34:47 status unpacked libsodium23:amd64 1.0.17-1
2020-05-30 05:34:47 status half-configured libsodium23:amd64 1.0.17-1
2020-05-30 05:34:47 status installed libsodium23:amd64 1.0.17-1
2020-05-30 05:34:47 configure libgpm2:amd64 1.20.7-5 <none>
2020-05-30 05:34:47 status unpacked libgpm2:amd64 1.20.7-5
2020-05-30 05:34:47 status half-configured libgpm2:amd64 1.20.7-5
2020-05-30 05:34:47 status installed libgpm2:amd64 1.20.7-5
2020-05-30 05:34:47 configure mime-support:all 3.62 <none>
2020-05-30 05:34:47 status unpacked mime-support:all 3.62
2020-05-30 05:34:47 status half-configured mime-support:all 3.62
2020-05-30 05:34:47 status installed mime-support:all 3.62
2020-05-30 05:34:47 configure libmagic-mgc:amd64 1:5.35-4+deb10u1 <none>
2020-05-30 05:34:47 status unpacked libmagic-mgc:amd64 1:5.35-4+deb10u1
2020-05-30 05:34:47 status half-configured libmagic-mgc:amd64 1:5.35-4+deb10u1
2020-05-30 05:34:47 status installed libmagic-mgc:amd64 1:5.35-4+deb10u1
2020-05-30 05:34:47 configure psmisc:amd64 23.2-1 <none>
2020-05-30 05:34:47 status unpacked psmisc:amd64 23.2-1
2020-05-30 05:34:47 status half-configured psmisc:amd64 23.2-1
2020-05-30 05:34:47 status installed psmisc:amd64 23.2-1
2020-05-30 05:34:47 configure libssl1.1:amd64 1.1.1d-0+deb10u3 <none>
2020-05-30 05:34:47 status unpacked libssl1.1:amd64 1.1.1d-0+deb10u3
2020-05-30 05:34:47 status half-configured libssl1.1:amd64 1.1.1d-0+deb10u3
2020-05-30 05:34:47 status installed libssl1.1:amd64 1.1.1d-0+deb10u3
2020-05-30 05:34:47 configure libargon2-1:amd64 0~20171227-0.2 <none>
2020-05-30 05:34:47 status unpacked libargon2-1:amd64 0~20171227-0.2
2020-05-30 05:34:47 status half-configured libargon2-1:amd64 0~20171227-0.2
2020-05-30 05:34:47 status installed libargon2-1:amd64 0~20171227-0.2
2020-05-30 05:34:47 configure libmagic1:amd64 1:5.35-4+deb10u1 <none>
2020-05-30 05:34:47 status unpacked libmagic1:amd64 1:5.35-4+deb10u1
2020-05-30 05:34:47 status half-configured libmagic1:amd64 1:5.35-4+deb10u1
2020-05-30 05:34:47 status installed libmagic1:amd64 1:5.35-4+deb10u1
2020-05-30 05:34:47 configure nginx-common:all 1.14.2-2+deb10u1 <none>
2020-05-30 05:34:47 status unpacked nginx-common:all 1.14.2-2+deb10u1
2020-05-30 05:34:47 status half-configured nginx-common:all 1.14.2-2+deb10u1
2020-05-30 05:34:48 status installed nginx-common:all 1.14.2-2+deb10u1
2020-05-30 05:34:48 configure file:amd64 1:5.35-4+deb10u1 <none>
2020-05-30 05:34:48 status unpacked file:amd64 1:5.35-4+deb10u1
2020-05-30 05:34:48 status half-configured file:amd64 1:5.35-4+deb10u1
2020-05-30 05:34:48 status installed file:amd64 1:5.35-4+deb10u1
2020-05-30 05:34:48 configure bzip2:amd64 1.0.6-9.2~deb10u1 <none>
2020-05-30 05:34:48 status unpacked bzip2:amd64 1.0.6-9.2~deb10u1
2020-05-30 05:34:48 status half-configured bzip2:amd64 1.0.6-9.2~deb10u1
2020-05-30 05:34:48 status installed bzip2:amd64 1.0.6-9.2~deb10u1
2020-05-30 05:34:48 configure libjbig0:amd64 2.1-3.1+b2 <none>
2020-05-30 05:34:48 status unpacked libjbig0:amd64 2.1-3.1+b2
2020-05-30 05:34:48 status half-configured libjbig0:amd64 2.1-3.1+b2
2020-05-30 05:34:48 status installed libjbig0:amd64 2.1-3.1+b2
2020-05-30 05:34:48 configure libicu63:amd64 63.1-6+deb10u1 <none>
2020-05-30 05:34:48 status unpacked libicu63:amd64 63.1-6+deb10u1
2020-05-30 05:34:48 status half-configured libicu63:amd64 63.1-6+deb10u1
2020-05-30 05:34:48 status installed libicu63:amd64 63.1-6+deb10u1
2020-05-30 05:34:48 configure libjpeg62-turbo:amd64 1:1.5.2-2+b1 <none>
2020-05-30 05:34:48 status unpacked libjpeg62-turbo:amd64 1:1.5.2-2+b1
2020-05-30 05:34:48 status half-configured libjpeg62-turbo:amd64 1:1.5.2-2+b1
2020-05-30 05:34:48 status installed libjpeg62-turbo:amd64 1:1.5.2-2+b1
2020-05-30 05:34:48 configure libnginx-mod-http-auth-pam:amd64 1.14.2-2+deb10u1 <none>
2020-05-30 05:34:48 status unpacked libnginx-mod-http-auth-pam:amd64 1.14.2-2+deb10u1
2020-05-30 05:34:48 status half-configured libnginx-mod-http-auth-pam:amd64 1.14.2-2+deb10u1
2020-05-30 05:34:48 status installed libnginx-mod-http-auth-pam:amd64 1.14.2-2+deb10u1
2020-05-30 05:34:48 configure libx11-data:all 2:1.6.7-1 <none>
2020-05-30 05:34:48 status unpacked libx11-data:all 2:1.6.7-1
2020-05-30 05:34:48 status half-configured libx11-data:all 2:1.6.7-1
2020-05-30 05:34:48 status installed libx11-data:all 2:1.6.7-1
2020-05-30 05:34:48 configure libncurses6:amd64 6.1+20181013-2+deb10u2 <none>
2020-05-30 05:34:48 status unpacked libncurses6:amd64 6.1+20181013-2+deb10u2
2020-05-30 05:34:48 status half-configured libncurses6:amd64 6.1+20181013-2+deb10u2
2020-05-30 05:34:48 status installed libncurses6:amd64 6.1+20181013-2+deb10u2
2020-05-30 05:34:48 configure xz-utils:amd64 5.2.4-1 <none>
2020-05-30 05:34:48 status unpacked xz-utils:amd64 5.2.4-1
2020-05-30 05:34:48 status half-configured xz-utils:amd64 5.2.4-1
2020-05-30 05:34:48 status installed xz-utils:amd64 5.2.4-1
2020-05-30 05:34:48 configure libpng16-16:amd64 1.6.36-6 <none>
2020-05-30 05:34:48 status unpacked libpng16-16:amd64 1.6.36-6
2020-05-30 05:34:48 status half-configured libpng16-16:amd64 1.6.36-6
2020-05-30 05:34:48 status installed libpng16-16:amd64 1.6.36-6
2020-05-30 05:34:48 configure libwebp6:amd64 0.6.1-2 <none>
2020-05-30 05:34:48 status unpacked libwebp6:amd64 0.6.1-2
2020-05-30 05:34:48 status half-configured libwebp6:amd64 0.6.1-2
2020-05-30 05:34:48 status installed libwebp6:amd64 0.6.1-2
2020-05-30 05:34:48 configure fonts-dejavu-core:all 2.37-1 <none>
2020-05-30 05:34:48 status unpacked fonts-dejavu-core:all 2.37-1
2020-05-30 05:34:48 status half-configured fonts-dejavu-core:all 2.37-1
2020-05-30 05:34:48 status installed fonts-dejavu-core:all 2.37-1
2020-05-30 05:34:48 configure libpcre2-8-0:amd64 10.32-5 <none>
2020-05-30 05:34:48 status unpacked libpcre2-8-0:amd64 10.32-5
2020-05-30 05:34:48 status half-configured libpcre2-8-0:amd64 10.32-5
2020-05-30 05:34:48 status installed libpcre2-8-0:amd64 10.32-5
2020-05-30 05:34:48 configure libnginx-mod-http-echo:amd64 1.14.2-2+deb10u1 <none>
2020-05-30 05:34:48 status unpacked libnginx-mod-http-echo:amd64 1.14.2-2+deb10u1
2020-05-30 05:34:48 status half-configured libnginx-mod-http-echo:amd64 1.14.2-2+deb10u1
2020-05-30 05:34:48 status installed libnginx-mod-http-echo:amd64 1.14.2-2+deb10u1
2020-05-30 05:34:48 configure libnginx-mod-http-subs-filter:amd64 1.14.2-2+deb10u1 <none>
2020-05-30 05:34:48 status unpacked libnginx-mod-http-subs-filter:amd64 1.14.2-2+deb10u1
2020-05-30 05:34:48 status half-configured libnginx-mod-http-subs-filter:amd64 1.14.2-2+deb10u1
2020-05-30 05:34:48 status installed libnginx-mod-http-subs-filter:amd64 1.14.2-2+deb10u1
2020-05-30 05:34:48 configure sensible-utils:all 0.0.12 <none>
2020-05-30 05:34:48 status unpacked sensible-utils:all 0.0.12
2020-05-30 05:34:48 status half-configured sensible-utils:all 0.0.12
2020-05-30 05:34:48 status installed sensible-utils:all 0.0.12
2020-05-30 05:34:48 configure libgeoip1:amd64 1.6.12-1 <none>
2020-05-30 05:34:48 status unpacked libgeoip1:amd64 1.6.12-1
2020-05-30 05:34:48 status half-configured libgeoip1:amd64 1.6.12-1
2020-05-30 05:34:48 status installed libgeoip1:amd64 1.6.12-1
2020-05-30 05:34:48 configure libtiff5:amd64 4.1.0+git191117-2~deb10u1 <none>
2020-05-30 05:34:48 status unpacked libtiff5:amd64 4.1.0+git191117-2~deb10u1
2020-05-30 05:34:48 status half-configured libtiff5:amd64 4.1.0+git191117-2~deb10u1
2020-05-30 05:34:48 status installed libtiff5:amd64 4.1.0+git191117-2~deb10u1
2020-05-30 05:34:48 configure geoip-database:all 20181108-1 <none>
2020-05-30 05:34:48 status unpacked geoip-database:all 20181108-1
2020-05-30 05:34:48 status half-configured geoip-database:all 20181108-1
2020-05-30 05:34:48 status installed geoip-database:all 20181108-1
2020-05-30 05:34:48 configure libbsd0:amd64 0.9.1-2 <none>
2020-05-30 05:34:48 status unpacked libbsd0:amd64 0.9.1-2
2020-05-30 05:34:48 status half-configured libbsd0:amd64 0.9.1-2
2020-05-30 05:34:48 status installed libbsd0:amd64 0.9.1-2
2020-05-30 05:34:48 configure libxml2:amd64 2.9.4+dfsg1-7+b3 <none>
2020-05-30 05:34:48 status unpacked libxml2:amd64 2.9.4+dfsg1-7+b3
2020-05-30 05:34:48 status half-configured libxml2:amd64 2.9.4+dfsg1-7+b3
2020-05-30 05:34:48 status installed libxml2:amd64 2.9.4+dfsg1-7+b3
2020-05-30 05:34:48 configure php-common:all 2:69 <none>
2020-05-30 05:34:48 status unpacked php-common:all 2:69
2020-05-30 05:34:48 status half-configured php-common:all 2:69
2020-05-30 05:34:48 status installed php-common:all 2:69
2020-05-30 05:34:48 configure libnginx-mod-mail:amd64 1.14.2-2+deb10u1 <none>
2020-05-30 05:34:48 status unpacked libnginx-mod-mail:amd64 1.14.2-2+deb10u1
2020-05-30 05:34:48 status half-configured libnginx-mod-mail:amd64 1.14.2-2+deb10u1
2020-05-30 05:34:48 status installed libnginx-mod-mail:amd64 1.14.2-2+deb10u1
2020-05-30 05:34:48 configure libxdmcp6:amd64 1:1.1.2-3 <none>
2020-05-30 05:34:48 status unpacked libxdmcp6:amd64 1:1.1.2-3
2020-05-30 05:34:48 status half-configured libxdmcp6:amd64 1:1.1.2-3
2020-05-30 05:34:48 status installed libxdmcp6:amd64 1:1.1.2-3
2020-05-30 05:34:48 configure libxcb1:amd64 1.13.1-2 <none>
2020-05-30 05:34:48 status unpacked libxcb1:amd64 1.13.1-2
2020-05-30 05:34:48 status half-configured libxcb1:amd64 1.13.1-2
2020-05-30 05:34:48 status installed libxcb1:amd64 1.13.1-2
2020-05-30 05:34:48 configure libedit2:amd64 3.1-20181209-1 <none>
2020-05-30 05:34:48 status unpacked libedit2:amd64 3.1-20181209-1
2020-05-30 05:34:48 status half-configured libedit2:amd64 3.1-20181209-1
2020-05-30 05:34:48 status installed libedit2:amd64 3.1-20181209-1
2020-05-30 05:34:48 configure libnginx-mod-stream:amd64 1.14.2-2+deb10u1 <none>
2020-05-30 05:34:48 status unpacked libnginx-mod-stream:amd64 1.14.2-2+deb10u1
2020-05-30 05:34:48 status half-configured libnginx-mod-stream:amd64 1.14.2-2+deb10u1
2020-05-30 05:34:49 status installed libnginx-mod-stream:amd64 1.14.2-2+deb10u1
2020-05-30 05:34:49 configure libnginx-mod-http-upstream-fair:amd64 1.14.2-2+deb10u1 <none>
2020-05-30 05:34:49 status unpacked libnginx-mod-http-upstream-fair:amd64 1.14.2-2+deb10u1
2020-05-30 05:34:49 status half-configured libnginx-mod-http-upstream-fair:amd64 1.14.2-2+deb10u1
2020-05-30 05:34:49 status installed libnginx-mod-http-upstream-fair:amd64 1.14.2-2+deb10u1
2020-05-30 05:34:49 configure libnginx-mod-http-geoip:amd64 1.14.2-2+deb10u1 <none>
2020-05-30 05:34:49 status unpacked libnginx-mod-http-geoip:amd64 1.14.2-2+deb10u1
2020-05-30 05:34:49 status half-configured libnginx-mod-http-geoip:amd64 1.14.2-2+deb10u1
2020-05-30 05:34:49 status installed libnginx-mod-http-geoip:amd64 1.14.2-2+deb10u1
2020-05-30 05:34:49 configure libfreetype6:amd64 2.9.1-3+deb10u1 <none>
2020-05-30 05:34:49 status unpacked libfreetype6:amd64 2.9.1-3+deb10u1
2020-05-30 05:34:49 status half-configured libfreetype6:amd64 2.9.1-3+deb10u1
2020-05-30 05:34:49 status installed libfreetype6:amd64 2.9.1-3+deb10u1
2020-05-30 05:34:49 configure ucf:all 3.0038+nmu1 <none>
2020-05-30 05:34:49 status unpacked ucf:all 3.0038+nmu1
2020-05-30 05:34:49 status half-configured ucf:all 3.0038+nmu1
2020-05-30 05:34:49 status installed ucf:all 3.0038+nmu1
2020-05-30 05:34:49 configure libxslt1.1:amd64 1.1.32-2.2~deb10u1 <none>
2020-05-30 05:34:49 status unpacked libxslt1.1:amd64 1.1.32-2.2~deb10u1
2020-05-30 05:34:49 status half-configured libxslt1.1:amd64 1.1.32-2.2~deb10u1
2020-05-30 05:34:49 status installed libxslt1.1:amd64 1.1.32-2.2~deb10u1
2020-05-30 05:34:49 configure libx11-6:amd64 2:1.6.7-1 <none>
2020-05-30 05:34:49 status unpacked libx11-6:amd64 2:1.6.7-1
2020-05-30 05:34:49 status half-configured libx11-6:amd64 2:1.6.7-1
2020-05-30 05:34:49 status installed libx11-6:amd64 2:1.6.7-1
2020-05-30 05:34:49 configure libnginx-mod-http-dav-ext:amd64 1.14.2-2+deb10u1 <none>
2020-05-30 05:34:49 status unpacked libnginx-mod-http-dav-ext:amd64 1.14.2-2+deb10u1
2020-05-30 05:34:49 status half-configured libnginx-mod-http-dav-ext:amd64 1.14.2-2+deb10u1
2020-05-30 05:34:49 status installed libnginx-mod-http-dav-ext:amd64 1.14.2-2+deb10u1
2020-05-30 05:34:49 configure libxpm4:amd64 1:3.5.12-1 <none>
2020-05-30 05:34:49 status unpacked libxpm4:amd64 1:3.5.12-1
2020-05-30 05:34:49 status half-configured libxpm4:amd64 1:3.5.12-1
2020-05-30 05:34:49 status installed libxpm4:amd64 1:3.5.12-1
2020-05-30 05:34:49 configure fontconfig-config:all 2.13.1-2 <none>
2020-05-30 05:34:49 status unpacked fontconfig-config:all 2.13.1-2
2020-05-30 05:34:49 status half-configured fontconfig-config:all 2.13.1-2
2020-05-30 05:34:49 status installed fontconfig-config:all 2.13.1-2
2020-05-30 05:34:49 configure libnginx-mod-http-xslt-filter:amd64 1.14.2-2+deb10u1 <none>
2020-05-30 05:34:49 status unpacked libnginx-mod-http-xslt-filter:amd64 1.14.2-2+deb10u1
2020-05-30 05:34:49 status half-configured libnginx-mod-http-xslt-filter:amd64 1.14.2-2+deb10u1
2020-05-30 05:34:49 status installed libnginx-mod-http-xslt-filter:amd64 1.14.2-2+deb10u1
2020-05-30 05:34:49 configure php7.3-common:amd64 7.3.14-1~deb10u1 <none>
2020-05-30 05:34:49 status unpacked php7.3-common:amd64 7.3.14-1~deb10u1
2020-05-30 05:34:49 status half-configured php7.3-common:amd64 7.3.14-1~deb10u1
2020-05-30 05:34:53 status installed php7.3-common:amd64 7.3.14-1~deb10u1
2020-05-30 05:34:53 configure php7.3-opcache:amd64 7.3.14-1~deb10u1 <none>
2020-05-30 05:34:53 status unpacked php7.3-opcache:amd64 7.3.14-1~deb10u1
2020-05-30 05:34:53 status half-configured php7.3-opcache:amd64 7.3.14-1~deb10u1
2020-05-30 05:34:53 status installed php7.3-opcache:amd64 7.3.14-1~deb10u1
2020-05-30 05:34:53 configure libfontconfig1:amd64 2.13.1-2 <none>
2020-05-30 05:34:53 status unpacked libfontconfig1:amd64 2.13.1-2
2020-05-30 05:34:53 status half-configured libfontconfig1:amd64 2.13.1-2
2020-05-30 05:34:53 status installed libfontconfig1:amd64 2.13.1-2
2020-05-30 05:34:53 configure php7.3-json:amd64 7.3.14-1~deb10u1 <none>
2020-05-30 05:34:53 status unpacked php7.3-json:amd64 7.3.14-1~deb10u1
2020-05-30 05:34:53 status half-configured php7.3-json:amd64 7.3.14-1~deb10u1
2020-05-30 05:34:53 status installed php7.3-json:amd64 7.3.14-1~deb10u1
2020-05-30 05:34:53 configure php7.3-readline:amd64 7.3.14-1~deb10u1 <none>
2020-05-30 05:34:53 status unpacked php7.3-readline:amd64 7.3.14-1~deb10u1
2020-05-30 05:34:53 status half-configured php7.3-readline:amd64 7.3.14-1~deb10u1
2020-05-30 05:34:54 status installed php7.3-readline:amd64 7.3.14-1~deb10u1
2020-05-30 05:34:54 configure libgd3:amd64 2.2.5-5.2 <none>
2020-05-30 05:34:54 status unpacked libgd3:amd64 2.2.5-5.2
2020-05-30 05:34:54 status half-configured libgd3:amd64 2.2.5-5.2
2020-05-30 05:34:54 status installed libgd3:amd64 2.2.5-5.2
2020-05-30 05:34:54 configure php7.3-cli:amd64 7.3.14-1~deb10u1 <none>
2020-05-30 05:34:54 status unpacked php7.3-cli:amd64 7.3.14-1~deb10u1
2020-05-30 05:34:54 status half-configured php7.3-cli:amd64 7.3.14-1~deb10u1
2020-05-30 05:34:54 status installed php7.3-cli:amd64 7.3.14-1~deb10u1
2020-05-30 05:34:54 configure php7.3-fpm:amd64 7.3.14-1~deb10u1 <none>
2020-05-30 05:34:54 status unpacked php7.3-fpm:amd64 7.3.14-1~deb10u1
2020-05-30 05:34:54 status half-configured php7.3-fpm:amd64 7.3.14-1~deb10u1
2020-05-30 05:34:55 status installed php7.3-fpm:amd64 7.3.14-1~deb10u1
2020-05-30 05:34:55 configure libnginx-mod-http-image-filter:amd64 1.14.2-2+deb10u1 <none>
2020-05-30 05:34:55 status unpacked libnginx-mod-http-image-filter:amd64 1.14.2-2+deb10u1
2020-05-30 05:34:55 status half-configured libnginx-mod-http-image-filter:amd64 1.14.2-2+deb10u1
2020-05-30 05:34:55 status installed libnginx-mod-http-image-filter:amd64 1.14.2-2+deb10u1
2020-05-30 05:34:55 configure nginx-full:amd64 1.14.2-2+deb10u1 <none>
2020-05-30 05:34:55 status unpacked nginx-full:amd64 1.14.2-2+deb10u1
2020-05-30 05:34:55 status half-configured nginx-full:amd64 1.14.2-2+deb10u1
2020-05-30 05:34:55 status installed nginx-full:amd64 1.14.2-2+deb10u1
2020-05-30 05:34:55 configure nginx:all 1.14.2-2+deb10u1 <none>
2020-05-30 05:34:55 status unpacked nginx:all 1.14.2-2+deb10u1
2020-05-30 05:34:55 status half-configured nginx:all 1.14.2-2+deb10u1
2020-05-30 05:34:55 status installed nginx:all 1.14.2-2+deb10u1
2020-05-30 05:34:55 trigproc libc-bin:amd64 2.28-10 <none>
2020-05-30 05:34:55 status half-configured libc-bin:amd64 2.28-10
2020-05-30 05:34:55 status installed libc-bin:amd64 2.28-10
